Project 4 - DeekshithReddyYeruva/simpleapp/app/build/intermediates/manifest_merge_blame_file/debug/manifest-merger-blame-debug-report.txt
1<?xml version="1.0" encoding="utf-8"?>
2<manifest xmlns:android="http://schemas.android.com/apk/res/android"
3    package="com.example.simpleapp"
4    android:versionCode="1"
5    android:versionName="1.0" >
6
7    <uses-sdk
8        android:minSdkVersion="24"
9        android:targetSdkVersion="33" />
10
11    <uses-permission android:name="android.permission.INTERNET" />
11-->src\main\AndroidManifest.xml:4:5-67
11-->src\main\AndroidManifest.xml:4:22-64
12    <uses-permission android:name="android.permission.ACCESS_NETWORK_STATE" />
12-->src\main\AndroidManifest.xml:5:5-79
12-->src\main\AndroidManifest.xml:5:22-76
13    <uses-permission android:name="android.permission.ACCESS_COARSE_LOCATION" />
13-->src\main\AndroidManifest.xml:6:5-81
13-->src\main\AndroidManifest.xml:6:22-78
14    <uses-permission android:name="android.permission.ACCESS_FINE_LOCATION" />
14-->src\main\AndroidManifest.xml:7:5-79
14-->src\main\AndroidManifest.xml:7:22-76
15
16    <uses-feature
16-->[com.google.android.gms:play-services-maps:17.0.0] AndroidManifest.xml:26:5-28:35
17        android:glEsVersion="0x00020000"
17-->[com.google.android.gms:play-services-maps:17.0.0] AndroidManifest.xml:27:9-41
18        android:required="true" />
18-->[com.google.android.gms:play-services-maps:17.0.0] AndroidManifest.xml:28:9-32
19
20    <permission
20-->[androidx.core:core:1.9.0] AndroidManifest.xml:22:5-24:47
21        android:name="com.example.simpleapp.DYNAMIC_RECEIVER_NOT_EXPORTED_PERMISSION"
21-->[androidx.core:core:1.9.0] AndroidManifest.xml:23:9-81
22        android:protectionLevel="signature" />
22-->[androidx.core:core:1.9.0] AndroidManifest.xml:24:9-44
23
24    <uses-permission android:name="com.example.simpleapp.DYNAMIC_RECEIVER_NOT_EXPORTED_PERMISSION" />
24-->[androidx.core:core:1.9.0] AndroidManifest.xml:26:5-97
24-->[androidx.core:core:1.9.0] AndroidManifest.xml:26:22-94
25
26    <application
26-->src\main\AndroidManifest.xml:9:5-35:19
27        android:allowBackup="true"
27-->src\main\AndroidManifest.xml:10:9-35
28        android:appComponentFactory="androidx.core.app.CoreComponentFactory"
28-->[androidx.core:core:1.9.0] AndroidManifest.xml:28:18-86
29        android:dataExtractionRules="@xml/data_extraction_rules"
29-->src\main\AndroidManifest.xml:11:9-65
30        android:debuggable="true"
31        android:extractNativeLibs="false"
32        android:fullBackupContent="@xml/backup_rules"
32-->src\main\AndroidManifest.xml:12:9-54
33        android:icon="@mipmap/ic_launcher"
33-->src\main\AndroidManifest.xml:13:9-43
34        android:label="@string/app_name"
34-->src\main\AndroidManifest.xml:14:9-41
35        android:roundIcon="@mipmap/ic_launcher_round"
35-->src\main\AndroidManifest.xml:15:9-54
36        android:supportsRtl="true"
36-->src\main\AndroidManifest.xml:16:9-35
37        android:theme="@style/Theme.Simpleapp" >
37-->src\main\AndroidManifest.xml:17:9-47
38        <meta-data
38-->src\main\AndroidManifest.xml:19:9-21:71
39            android:name="com.google.android.geo.API_KEY"
39-->src\main\AndroidManifest.xml:20:13-58
40            android:value="AIzaSyDUBBDdqbw0IXshed3cBSsD79fELvSqWro" />
40-->src\main\AndroidManifest.xml:21:13-68
41
42        <activity
42-->src\main\AndroidManifest.xml:24:9-34:20
43            android:name="com.example.simpleapp.MainActivity"
43-->src\main\AndroidManifest.xml:25:13-62
44            android:exported="true"
44-->src\main\AndroidManifest.xml:26:13-36
45            android:label="@string/dia_shield"
45-->src\main\AndroidManifest.xml:27:13-47
46            android:theme="@style/Theme.Simpleapp" >
46-->src\main\AndroidManifest.xml:28:13-51
47            <intent-filter>
47-->src\main\AndroidManifest.xml:29:13-33:29
48                <action android:name="android.intent.action.MAIN" />
48-->src\main\AndroidManifest.xml:30:17-69
48-->src\main\AndroidManifest.xml:30:25-66
49
50                <category android:name="android.intent.category.LAUNCHER" />
50-->src\main\AndroidManifest.xml:32:17-77
50-->src\main\AndroidManifest.xml:32:27-74
51            </intent-filter>
52        </activity>
53
54        <service
54-->[androidx.room:room-runtime:2.5.2] AndroidManifest.xml:24:9-28:63
55            android:name="androidx.room.MultiInstanceInvalidationService"
55-->[androidx.room:room-runtime:2.5.2] AndroidManifest.xml:25:13-74
56            android:directBootAware="true"
56-->[androidx.room:room-runtime:2.5.2] AndroidManifest.xml:26:13-43
57            android:exported="false" />
57-->[androidx.room:room-runtime:2.5.2] AndroidManifest.xml:27:13-37
58
59        <activity
59-->[androidx.compose.ui:ui-tooling:1.4.0] AndroidManifest.xml:23:9-25:39
60            android:name="androidx.compose.ui.tooling.PreviewActivity"
60-->[androidx.compose.ui:ui-tooling:1.4.0] AndroidManifest.xml:24:13-71
61            android:exported="true" />
61-->[androidx.compose.ui:ui-tooling:1.4.0] AndroidManifest.xml:25:13-36
62        <activity
62-->[androidx.compose.ui:ui-test-manifest:1.4.0] AndroidManifest.xml:23:9-25:39
63            android:name="androidx.activity.ComponentActivity"
63-->[androidx.compose.ui:ui-test-manifest:1.4.0] AndroidManifest.xml:24:13-63
64            android:exported="true" /> <!-- Needs to be explicitly declared on P+ -->
64-->[androidx.compose.ui:ui-test-manifest:1.4.0] AndroidManifest.xml:25:13-36
65        <uses-library
65-->[com.google.android.gms:play-services-maps:17.0.0] AndroidManifest.xml:33:9-35:40
66            android:name="org.apache.http.legacy"
66-->[com.google.android.gms:play-services-maps:17.0.0] AndroidManifest.xml:34:13-50
67            android:required="false" />
67-->[com.google.android.gms:play-services-maps:17.0.0] AndroidManifest.xml:35:13-37
68
69        <meta-data
69-->[com.google.android.gms:play-services-fitness:21.1.0] AndroidManifest.xml:23:9-25:38
70            android:name="com.google.gms.fitness.sdk.version"
70-->[com.google.android.gms:play-services-fitness:21.1.0] AndroidManifest.xml:24:13-62
71            android:value="21.1.0" />
71-->[com.google.android.gms:play-services-fitness:21.1.0] AndroidManifest.xml:25:13-35
72
73        <activity
73-->[com.google.android.gms:play-services-base:18.0.1] AndroidManifest.xml:20:9-22:45
74            android:name="com.google.android.gms.common.api.GoogleApiActivity"
74-->[com.google.android.gms:play-services-base:18.0.1] AndroidManifest.xml:20:19-85
75            android:exported="false"
75-->[com.google.android.gms:play-services-base:18.0.1] AndroidManifest.xml:22:19-43
76            android:theme="@android:style/Theme.Translucent.NoTitleBar" />
76-->[com.google.android.gms:play-services-base:18.0.1] AndroidManifest.xml:21:19-78
77
78        <meta-data
78-->[com.google.android.gms:play-services-basement:18.0.0] AndroidManifest.xml:21:9-23:69
79            android:name="com.google.android.gms.version"
79-->[com.google.android.gms:play-services-basement:18.0.0] AndroidManifest.xml:22:13-58
80            android:value="@integer/google_play_services_version" />
80-->[com.google.android.gms:play-services-basement:18.0.0] AndroidManifest.xml:23:13-66
81
82        <provider
82-->[androidx.emoji2:emoji2:1.3.0] AndroidManifest.xml:24:9-32:20
83            android:name="androidx.startup.InitializationProvider"
83-->[androidx.emoji2:emoji2:1.3.0] AndroidManifest.xml:25:13-67
84            android:authorities="com.example.simpleapp.androidx-startup"
84-->[androidx.emoji2:emoji2:1.3.0] AndroidManifest.xml:26:13-68
85            android:exported="false" >
85-->[androidx.emoji2:emoji2:1.3.0] AndroidManifest.xml:27:13-37
86            <meta-data
86-->[androidx.emoji2:emoji2:1.3.0] AndroidManifest.xml:29:13-31:52
87                android:name="androidx.emoji2.text.EmojiCompatInitializer"
87-->[androidx.emoji2:emoji2:1.3.0] AndroidManifest.xml:30:17-75
88                android:value="androidx.startup" />
88-->[androidx.emoji2:emoji2:1.3.0] AndroidManifest.xml:31:17-49
89            <meta-data
89-->[androidx.lifecycle:lifecycle-process:2.6.1] AndroidManifest.xml:29:13-31:52
90                android:name="androidx.lifecycle.ProcessLifecycleInitializer"
90-->[androidx.lifecycle:lifecycle-process:2.6.1] AndroidManifest.xml:30:17-78
91                android:value="androidx.startup" />
91-->[androidx.lifecycle:lifecycle-process:2.6.1] AndroidManifest.xml:31:17-49
92            <meta-data
92-->[androidx.profileinstaller:profileinstaller:1.3.0] AndroidManifest.xml:29:13-31:52
93                android:name="androidx.profileinstaller.ProfileInstallerInitializer"
93-->[androidx.profileinstaller:profileinstaller:1.3.0] AndroidManifest.xml:30:17-85
94                android:value="androidx.startup" />
94-->[androidx.profileinstaller:profileinstaller:1.3.0] AndroidManifest.xml:31:17-49
95        </provider>
96
97        <receiver
97-->[androidx.profileinstaller:profileinstaller:1.3.0] AndroidManifest.xml:34:9-52:20
98            android:name="androidx.profileinstaller.ProfileInstallReceiver"
98-->[androidx.profileinstaller:profileinstaller:1.3.0] AndroidManifest.xml:35:13-76
99            android:directBootAware="false"
99-->[androidx.profileinstaller:profileinstaller:1.3.0] AndroidManifest.xml:36:13-44
100            android:enabled="true"
100-->[androidx.profileinstaller:profileinstaller:1.3.0] AndroidManifest.xml:37:13-35
101            android:exported="true"
101-->[androidx.profileinstaller:profileinstaller:1.3.0] AndroidManifest.xml:38:13-36
102            android:permission="android.permission.DUMP" >
102-->[androidx.profileinstaller:profileinstaller:1.3.0] AndroidManifest.xml:39:13-57
103            <intent-filter>
103-->[androidx.profileinstaller:profileinstaller:1.3.0] AndroidManifest.xml:40:13-42:29
104                <action android:name="androidx.profileinstaller.action.INSTALL_PROFILE" />
104-->[androidx.profileinstaller:profileinstaller:1.3.0] AndroidManifest.xml:41:17-91
104-->[androidx.profileinstaller:profileinstaller:1.3.0] AndroidManifest.xml:41:25-88
105            </intent-filter>
106            <intent-filter>
106-->[androidx.profileinstaller:profileinstaller:1.3.0] AndroidManifest.xml:43:13-45:29
107                <action android:name="androidx.profileinstaller.action.SKIP_FILE" />
107-->[androidx.profileinstaller:profileinstaller:1.3.0] AndroidManifest.xml:44:17-85
107-->[androidx.profileinstaller:profileinstaller:1.3.0] AndroidManifest.xml:44:25-82
108            </intent-filter>
109            <intent-filter>
109-->[androidx.profileinstaller:profileinstaller:1.3.0] AndroidManifest.xml:46:13-48:29
110                <action android:name="androidx.profileinstaller.action.SAVE_PROFILE" />
110-->[androidx.profileinstaller:profileinstaller:1.3.0] AndroidManifest.xml:47:17-88
110-->[androidx.profileinstaller:profileinstaller:1.3.0] AndroidManifest.xml:47:25-85
111            </intent-filter>
112            <intent-filter>
112-->[androidx.profileinstaller:profileinstaller:1.3.0] AndroidManifest.xml:49:13-51:29
113                <action android:name="androidx.profileinstaller.action.BENCHMARK_OPERATION" />
113-->[androidx.profileinstaller:profileinstaller:1.3.0] AndroidManifest.xml:50:17-95
113-->[androidx.profileinstaller:profileinstaller:1.3.0] AndroidManifest.xml:50:25-92
114            </intent-filter>
115        </receiver>
116    </application>
117
118</manifest>